<?xml version="1.0" encoding="UTF-8"?>
<testng-results ignored="0" total="1" passed="1" failed="0" skipped="0">
  <reporter-output>
  </reporter-output>
  <suite started-at="2024-11-09T23:30:12 IST" name="Default suite" finished-at="2024-11-09T23:30:30 IST" duration-ms="17335">
    <groups>
    </groups>
    <test started-at="2024-11-09T23:30:12 IST" name="Default test" finished-at="2024-11-09T23:30:30 IST" duration-ms="17335">
      <class name="com.organge.hrm.admin.JobTitles">
        <test-method signature="invalid_Test()[pri:0, instance:com.organge.hrm.admin.JobTitles@710b18a6]" started-at="2024-11-09T23:30:12 IST" name="invalid_Test" finished-at="2024-11-09T23:30:30 IST" duration-ms="17275" status="PASS">
          <reporter-output>
          </reporter-output>
        </test-method> <!-- invalid_Test -->
      </class> <!-- com.organge.hrm.admin.JobTitles -->
    </test> <!-- Default test -->
  </suite> <!-- Default suite -->
</testng-results>
